Analysis & Synthesis report for lcd_driver
Thu Sep 21 14:51:43 2023
Quartus Prime Version 22.1std.2 Build 922 07/20/2023 SC Lite Edition


---------------------
; Table of Contents ;
---------------------
  1. Legal Notice
  2. Analysis & Synthesis Summary
  3. Analysis & Synthesis Settings
  4. Parallel Compilation
  5. Analysis & Synthesis Source Files Read
  6. Analysis & Synthesis Resource Usage Summary
  7. Analysis & Synthesis Resource Utilization by Entity
  8. User-Specified and Inferred Latches
  9. General Register Statistics
 10. Multiplexer Restructuring Statistics (Restructuring Performed)
 11. Parameter Settings for User Entity Instance: Top-level Entity: |lcd_driver
 12. Post-Synthesis Netlist Statistics for Top Partition
 13. Elapsed Time Per Partition
 14. Analysis & Synthesis Messages



----------------
; Legal Notice ;
----------------
Copyright (C) 2023  Intel Corporation. All rights reserved.
Your use of Intel Corporation's design tools, logic functions 
and other software and tools, and any partner logic 
functions, and any output files from any of the foregoing 
(including device programming or simulation files), and any 
associated documentation or information are expressly subject 
to the terms and conditions of the Intel Program License 
Subscription Agreement, the Intel Quartus Prime License Agreement,
the Intel FPGA IP License Agreement, or other applicable license
agreement, including, without limitation, that your use is for
the sole purpose of programming logic devices manufactured by
Intel and sold by Intel or its authorized distributors.  Please
refer to the applicable agreement for further details, at
https://fpgasoftware.intel.com/eula.



+----------------------------------------------------------------------------------+
; Analysis & Synthesis Summary                                                     ;
+---------------------------------+------------------------------------------------+
; Analysis & Synthesis Status     ; Successful - Thu Sep 21 14:51:43 2023          ;
; Quartus Prime Version           ; 22.1std.2 Build 922 07/20/2023 SC Lite Edition ;
; Revision Name                   ; lcd_driver                                     ;
; Top-level Entity Name           ; lcd_driver                                     ;
; Family                          ; Cyclone V                                      ;
; Logic utilization (in ALMs)     ; N/A                                            ;
; Total registers                 ; 0                                              ;
; Total pins                      ; 23                                             ;
; Total virtual pins              ; 0                                              ;
; Total block memory bits         ; 0                                              ;
; Total DSP Blocks                ; 0                                              ;
; Total HSSI RX PCSs              ; 0                                              ;
; Total HSSI PMA RX Deserializers ; 0                                              ;
; Total HSSI TX PCSs              ; 0                                              ;
; Total HSSI PMA TX Serializers   ; 0                                              ;
; Total PLLs                      ; 0                                              ;
; Total DLLs                      ; 0                                              ;
+---------------------------------+------------------------------------------------+


+---------------------------------------------------------------------------------------------------------------------------+
; Analysis & Synthesis Settings                                                                                             ;
+---------------------------------------------------------------------------------+--------------------+--------------------+
; Option                                                                          ; Setting            ; Default Value      ;
+---------------------------------------------------------------------------------+--------------------+--------------------+
; Device                                                                          ; 5CGXFC7C7F23C8     ;                    ;
; Top-level entity name                                                           ; lcd_driver         ; lcd_driver         ;
; Family name                                                                     ; Cyclone V          ; Cyclone V          ;
; Use smart compilation                                                           ; Off                ; Off                ;
; Enable parallel Assembler and Timing Analyzer during compilation                ; On                 ; On                 ;
; Enable compact report table                                                     ; Off                ; Off                ;
; Restructure Multiplexers                                                        ; Auto               ; Auto               ;
; MLAB Add Timing Constraints For Mixed-Port Feed-Through Mode Setting Don't Care ; Off                ; Off                ;
; Create Debugging Nodes for IP Cores                                             ; Off                ; Off                ;
; Preserve fewer node names                                                       ; On                 ; On                 ;
; Intel FPGA IP Evaluation Mode                                                   ; Enable             ; Enable             ;
; Verilog Version                                                                 ; Verilog_2001       ; Verilog_2001       ;
; VHDL Version                                                                    ; VHDL_1993          ; VHDL_1993          ;
; State Machine Processing                                                        ; Auto               ; Auto               ;
; Safe State Machine                                                              ; Off                ; Off                ;
; Extract Verilog State Machines                                                  ; On                 ; On                 ;
; Extract VHDL State Machines                                                     ; On                 ; On                 ;
; Ignore Verilog initial constructs                                               ; Off                ; Off                ;
; Iteration limit for constant Verilog loops                                      ; 5000               ; 5000               ;
; Iteration limit for non-constant Verilog loops                                  ; 250                ; 250                ;
; Add Pass-Through Logic to Inferred RAMs                                         ; On                 ; On                 ;
; Infer RAMs from Raw Logic                                                       ; On                 ; On                 ;
; Parallel Synthesis                                                              ; On                 ; On                 ;
; DSP Block Balancing                                                             ; Auto               ; Auto               ;
; NOT Gate Push-Back                                                              ; On                 ; On                 ;
; Power-Up Don't Care                                                             ; On                 ; On                 ;
; Remove Redundant Logic Cells                                                    ; Off                ; Off                ;
; Remove Duplicate Registers                                                      ; On                 ; On                 ;
; Ignore CARRY Buffers                                                            ; Off                ; Off                ;
; Ignore CASCADE Buffers                                                          ; Off                ; Off                ;
; Ignore GLOBAL Buffers                                                           ; Off                ; Off                ;
; Ignore ROW GLOBAL Buffers                                                       ; Off                ; Off                ;
; Ignore LCELL Buffers                                                            ; Off                ; Off                ;
; Ignore SOFT Buffers                                                             ; On                 ; On                 ;
; Limit AHDL Integers to 32 Bits                                                  ; Off                ; Off                ;
; Optimization Technique                                                          ; Balanced           ; Balanced           ;
; Carry Chain Length                                                              ; 70                 ; 70                 ;
; Auto Carry Chains                                                               ; On                 ; On                 ;
; Auto Open-Drain Pins                                                            ; On                 ; On                 ;
; Perform WYSIWYG Primitive Resynthesis                                           ; Off                ; Off                ;
; Auto ROM Replacement                                                            ; On                 ; On                 ;
; Auto RAM Replacement                                                            ; On                 ; On                 ;
; Auto DSP Block Replacement                                                      ; On                 ; On                 ;
; Auto Shift Register Replacement                                                 ; Auto               ; Auto               ;
; Allow Shift Register Merging across Hierarchies                                 ; Auto               ; Auto               ;
; Auto Clock Enable Replacement                                                   ; On                 ; On                 ;
; Strict RAM Replacement                                                          ; Off                ; Off                ;
; Allow Synchronous Control Signals                                               ; On                 ; On                 ;
; Force Use of Synchronous Clear Signals                                          ; Off                ; Off                ;
; Auto Resource Sharing                                                           ; Off                ; Off                ;
; Allow Any RAM Size For Recognition                                              ; Off                ; Off                ;
; Allow Any ROM Size For Recognition                                              ; Off                ; Off                ;
; Allow Any Shift Register Size For Recognition                                   ; Off                ; Off                ;
; Use LogicLock Constraints during Resource Balancing                             ; On                 ; On                 ;
; Ignore translate_off and synthesis_off directives                               ; Off                ; Off                ;
; Timing-Driven Synthesis                                                         ; On                 ; On                 ;
; Report Parameter Settings                                                       ; On                 ; On                 ;
; Report Source Assignments                                                       ; On                 ; On                 ;
; Report Connectivity Checks                                                      ; On                 ; On                 ;
; Ignore Maximum Fan-Out Assignments                                              ; Off                ; Off                ;
; Synchronization Register Chain Length                                           ; 3                  ; 3                  ;
; Power Optimization During Synthesis                                             ; Normal compilation ; Normal compilation ;
; HDL message level                                                               ; Level2             ; Level2             ;
; Suppress Register Optimization Related Messages                                 ; Off                ; Off                ;
; Number of Removed Registers Reported in Synthesis Report                        ; 5000               ; 5000               ;
; Number of Swept Nodes Reported in Synthesis Report                              ; 5000               ; 5000               ;
; Number of Inverted Registers Reported in Synthesis Report                       ; 100                ; 100                ;
; Clock MUX Protection                                                            ; On                 ; On                 ;
; Auto Gated Clock Conversion                                                     ; Off                ; Off                ;
; Block Design Naming                                                             ; Auto               ; Auto               ;
; SDC constraint protection                                                       ; Off                ; Off                ;
; Synthesis Effort                                                                ; Auto               ; Auto               ;
; Shift Register Replacement - Allow Asynchronous Clear Signal                    ; On                 ; On                 ;
; Pre-Mapping Resynthesis Optimization                                            ; Off                ; Off                ;
; Analysis & Synthesis Message Level                                              ; Medium             ; Medium             ;
; Disable Register Merging Across Hierarchies                                     ; Auto               ; Auto               ;
; Resource Aware Inference For Block RAM                                          ; On                 ; On                 ;
; Automatic Parallel Synthesis                                                    ; On                 ; On                 ;
; Partial Reconfiguration Bitstream ID                                            ; Off                ; Off                ;
+---------------------------------------------------------------------------------+--------------------+--------------------+


+------------------------------------------+
; Parallel Compilation                     ;
+----------------------------+-------------+
; Processors                 ; Number      ;
+----------------------------+-------------+
; Number detected on machine ; 12          ;
; Maximum allowed            ; 12          ;
;                            ;             ;
; Average used               ; 1.00        ;
; Maximum used               ; 12          ;
;                            ;             ;
; Usage by Processor         ; % Time Used ;
;     Processor 1            ; 100.0%      ;
;     Processors 2-12        ;   0.0%      ;
+----------------------------+-------------+


+-------------------------------------------------------------------------------------------------------------------------------------------------------------------------+
; Analysis & Synthesis Source Files Read                                                                                                                                  ;
+----------------------------------+-----------------+------------------------+---------------------------------------------------------------------------------+---------+
; File Name with User-Entered Path ; Used in Netlist ; File Type              ; File Name with Absolute Path                                                    ; Library ;
+----------------------------------+-----------------+------------------------+---------------------------------------------------------------------------------+---------+
; ../../rtl/lcd_driver.v           ; yes             ; User Verilog HDL File  ; D:/college/Maven Silicon/Alarm Pilot Project/Project_templates/rtl/lcd_driver.v ;         ;
+----------------------------------+-----------------+------------------------+---------------------------------------------------------------------------------+---------+


+----------------------------------------------------------------+
; Analysis & Synthesis Resource Usage Summary                    ;
+---------------------------------------------+------------------+
; Resource                                    ; Usage            ;
+---------------------------------------------+------------------+
; Estimate of Logic utilization (ALMs needed) ; 6                ;
;                                             ;                  ;
; Combinational ALUT usage for logic          ; 12               ;
;     -- 7 input functions                    ; 0                ;
;     -- 6 input functions                    ; 0                ;
;     -- 5 input functions                    ; 4                ;
;     -- 4 input functions                    ; 1                ;
;     -- <=3 input functions                  ; 7                ;
;                                             ;                  ;
; Dedicated logic registers                   ; 0                ;
;                                             ;                  ;
; I/O pins                                    ; 23               ;
;                                             ;                  ;
; Total DSP Blocks                            ; 0                ;
;                                             ;                  ;
; Maximum fan-out node                        ; display_value[3] ;
; Maximum fan-out                             ; 5                ;
; Total fan-out                               ; 70               ;
; Average fan-out                             ; 1.21             ;
+---------------------------------------------+------------------+


+----------------------------------------------------------------------------------------------------------------------------------------------------------------------------------------+
; Analysis & Synthesis Resource Utilization by Entity                                                                                                                                    ;
+----------------------------+---------------------+---------------------------+-------------------+------------+------+--------------+---------------------+-------------+--------------+
; Compilation Hierarchy Node ; Combinational ALUTs ; Dedicated Logic Registers ; Block Memory Bits ; DSP Blocks ; Pins ; Virtual Pins ; Full Hierarchy Name ; Entity Name ; Library Name ;
+----------------------------+---------------------+---------------------------+-------------------+------------+------+--------------+---------------------+-------------+--------------+
; |lcd_driver                ; 12 (12)             ; 0 (0)                     ; 0                 ; 0          ; 23   ; 0            ; |lcd_driver         ; lcd_driver  ; work         ;
+----------------------------+---------------------+---------------------------+-------------------+------------+------+--------------+---------------------+-------------+--------------+
Note: For table entries with two numbers listed, the numbers in parentheses indicate the number of resources of the given type used by the specific entity alone. The numbers listed outside of parentheses indicate the total resources of the given type used by the specific entity and all of its sub-entities in the hierarchy.


+---------------------------------------------------------------------------------------------------+
; User-Specified and Inferred Latches                                                               ;
+----------------------------------------------------+---------------------+------------------------+
; Latch Name                                         ; Latch Enable Signal ; Free of Timing Hazards ;
+----------------------------------------------------+---------------------+------------------------+
; display_value[0]                                   ; display_value[0]    ; yes                    ;
; display_value[3]                                   ; display_value[0]    ; yes                    ;
; display_value[1]                                   ; display_value[0]    ; yes                    ;
; display_value[2]                                   ; display_value[0]    ; yes                    ;
; Number of user-specified and inferred latches = 4  ;                     ;                        ;
+----------------------------------------------------+---------------------+------------------------+
Note: All latches listed above may not be present at the end of synthesis due to various synthesis optimizations.


+------------------------------------------------------+
; General Register Statistics                          ;
+----------------------------------------------+-------+
; Statistic                                    ; Value ;
+----------------------------------------------+-------+
; Total registers                              ; 0     ;
; Number of registers using Synchronous Clear  ; 0     ;
; Number of registers using Synchronous Load   ; 0     ;
; Number of registers using Asynchronous Clear ; 0     ;
; Number of registers using Asynchronous Load  ; 0     ;
; Number of registers using Clock Enable       ; 0     ;
; Number of registers using Preset             ; 0     ;
+----------------------------------------------+-------+


+--------------------------------------------------------------------------------------------------------------------------------------------+
; Multiplexer Restructuring Statistics (Restructuring Performed)                                                                             ;
+--------------------+-----------+---------------+----------------------+------------------------+------------+------------------------------+
; Multiplexer Inputs ; Bus Width ; Baseline Area ; Area if Restructured ; Saving if Restructured ; Registered ; Example Multiplexer Output   ;
+--------------------+-----------+---------------+----------------------+------------------------+------------+------------------------------+
; 3:1                ; 4 bits    ; 8 LEs         ; 8 LEs                ; 0 LEs                  ; No         ; |lcd_driver|display_value[0] ;
+--------------------+-----------+---------------+----------------------+------------------------+------------+------------------------------+


+----------------------------------------------------------------------------+
; Parameter Settings for User Entity Instance: Top-level Entity: |lcd_driver ;
+----------------+----------+------------------------------------------------+
; Parameter Name ; Value    ; Type                                           ;
+----------------+----------+------------------------------------------------+
; ZERO           ; 00110000 ; Unsigned Binary                                ;
; ONE            ; 00110001 ; Unsigned Binary                                ;
; TWO            ; 00110010 ; Unsigned Binary                                ;
; THREE          ; 00110011 ; Unsigned Binary                                ;
; FOUR           ; 00110100 ; Unsigned Binary                                ;
; FIVE           ; 00110101 ; Unsigned Binary                                ;
; SIX            ; 00110110 ; Unsigned Binary                                ;
; SEVEN          ; 00110111 ; Unsigned Binary                                ;
; EIGHT          ; 00111000 ; Unsigned Binary                                ;
; NINE           ; 00111001 ; Unsigned Binary                                ;
; ERROR          ; 00111010 ; Unsigned Binary                                ;
+----------------+----------+------------------------------------------------+
Note: In order to hide this table in the UI and the text report file, please set the "Show Parameter Settings in Synthesis Report" option in "Analysis and Synthesis Settings -> More Settings" to "Off".


+-----------------------------------------------------+
; Post-Synthesis Netlist Statistics for Top Partition ;
+-----------------------+-----------------------------+
; Type                  ; Count                       ;
+-----------------------+-----------------------------+
; arriav_lcell_comb     ; 14                          ;
;     normal            ; 14                          ;
;         0 data inputs ; 2                           ;
;         2 data inputs ; 2                           ;
;         3 data inputs ; 5                           ;
;         4 data inputs ; 1                           ;
;         5 data inputs ; 4                           ;
; boundary_port         ; 23                          ;
;                       ;                             ;
; Max LUT depth         ; 2.00                        ;
; Average LUT depth     ; 1.66                        ;
+-----------------------+-----------------------------+


+-------------------------------+
; Elapsed Time Per Partition    ;
+----------------+--------------+
; Partition Name ; Elapsed Time ;
+----------------+--------------+
; Top            ; 00:00:00     ;
+----------------+--------------+


+-------------------------------+
; Analysis & Synthesis Messages ;
+-------------------------------+
Info: *******************************************************************
Info: Running Quartus Prime Analysis & Synthesis
    Info: Version 22.1std.2 Build 922 07/20/2023 SC Lite Edition
    Info: Processing started: Thu Sep 21 14:51:36 2023
Info: Command: quartus_map --read_settings_files=on --write_settings_files=off lcd_driver -c lcd_driver
Warning (18236): Number of processors has not been specified which may cause overloading on shared machines.  Set the global assignment NUM_PARALLEL_PROCESSORS in your QSF to an appropriate value for best performance.
Info (20030): Parallel compilation is enabled and will use 12 of the 12 processors detected
Info (12021): Found 1 design units, including 1 entities, in source file /college/maven silicon/alarm pilot project/project_templates/rtl/lcd_driver_4.v
    Info (12023): Found entity 1: lcd_driver_4 File: D:/college/Maven Silicon/Alarm Pilot Project/Project_templates/rtl/lcd_driver_4.v Line: 2
Info (12021): Found 1 design units, including 1 entities, in source file /college/maven silicon/alarm pilot project/project_templates/rtl/lcd_driver.v
    Info (12023): Found entity 1: lcd_driver File: D:/college/Maven Silicon/Alarm Pilot Project/Project_templates/rtl/lcd_driver.v Line: 2
Info (12127): Elaborating entity "lcd_driver" for the top level hierarchy
Warning (10240): Verilog HDL Always Construct warning at lcd_driver.v(38): inferring latch(es) for variable "display_value", which holds its previous value in one or more paths through the always construct File: D:/college/Maven Silicon/Alarm Pilot Project/Project_templates/rtl/lcd_driver.v Line: 38
Warning (10240): Verilog HDL Always Construct warning at lcd_driver.v(38): inferring latch(es) for variable "sound_alarm", which holds its previous value in one or more paths through the always construct File: D:/college/Maven Silicon/Alarm Pilot Project/Project_templates/rtl/lcd_driver.v Line: 38
Info (10041): Inferred latch for "sound_alarm" at lcd_driver.v(51) File: D:/college/Maven Silicon/Alarm Pilot Project/Project_templates/rtl/lcd_driver.v Line: 51
Info (10041): Inferred latch for "display_value[0]" at lcd_driver.v(44) File: D:/college/Maven Silicon/Alarm Pilot Project/Project_templates/rtl/lcd_driver.v Line: 44
Info (10041): Inferred latch for "display_value[1]" at lcd_driver.v(44) File: D:/college/Maven Silicon/Alarm Pilot Project/Project_templates/rtl/lcd_driver.v Line: 44
Info (10041): Inferred latch for "display_value[2]" at lcd_driver.v(44) File: D:/college/Maven Silicon/Alarm Pilot Project/Project_templates/rtl/lcd_driver.v Line: 44
Info (10041): Inferred latch for "display_value[3]" at lcd_driver.v(44) File: D:/college/Maven Silicon/Alarm Pilot Project/Project_templates/rtl/lcd_driver.v Line: 44
Warning (13012): Latch display_value[0] has unsafe behavior File: D:/college/Maven Silicon/Alarm Pilot Project/Project_templates/rtl/lcd_driver.v Line: 44
    Warning (13013): Ports D and ENA on the latch are fed by the same signal show_alarm File: D:/college/Maven Silicon/Alarm Pilot Project/Project_templates/rtl/lcd_driver.v Line: 12
Warning (13012): Latch display_value[3] has unsafe behavior File: D:/college/Maven Silicon/Alarm Pilot Project/Project_templates/rtl/lcd_driver.v Line: 44
    Warning (13013): Ports D and ENA on the latch are fed by the same signal show_alarm File: D:/college/Maven Silicon/Alarm Pilot Project/Project_templates/rtl/lcd_driver.v Line: 12
Warning (13012): Latch display_value[1] has unsafe behavior File: D:/college/Maven Silicon/Alarm Pilot Project/Project_templates/rtl/lcd_driver.v Line: 44
    Warning (13013): Ports D and ENA on the latch are fed by the same signal show_alarm File: D:/college/Maven Silicon/Alarm Pilot Project/Project_templates/rtl/lcd_driver.v Line: 12
Warning (13012): Latch display_value[2] has unsafe behavior File: D:/college/Maven Silicon/Alarm Pilot Project/Project_templates/rtl/lcd_driver.v Line: 44
    Warning (13013): Ports D and ENA on the latch are fed by the same signal show_alarm File: D:/college/Maven Silicon/Alarm Pilot Project/Project_templates/rtl/lcd_driver.v Line: 12
Warning (13024): Output pins are stuck at VCC or GND
    Warning (13410): Pin "display_time[4]" is stuck at VCC File: D:/college/Maven Silicon/Alarm Pilot Project/Project_templates/rtl/lcd_driver.v Line: 16
    Warning (13410): Pin "display_time[5]" is stuck at VCC File: D:/college/Maven Silicon/Alarm Pilot Project/Project_templates/rtl/lcd_driver.v Line: 16
    Warning (13410): Pin "display_time[6]" is stuck at GND File: D:/college/Maven Silicon/Alarm Pilot Project/Project_templates/rtl/lcd_driver.v Line: 16
    Warning (13410): Pin "display_time[7]" is stuck at GND File: D:/college/Maven Silicon/Alarm Pilot Project/Project_templates/rtl/lcd_driver.v Line: 16
    Warning (13410): Pin "sound_alarm" is stuck at VCC File: D:/college/Maven Silicon/Alarm Pilot Project/Project_templates/rtl/lcd_driver.v Line: 17
Info (286030): Timing-Driven Synthesis is running
Info (16010): Generating hard_block partition "hard_block:auto_generated_inst"
    Info (16011): Adding 0 node(s), including 0 DDIO, 0 PLL, 0 transceiver and 0 LCELL
Info (21057): Implemented 35 device resources after synthesis - the final resource count might be different
    Info (21058): Implemented 14 input pins
    Info (21059): Implemented 9 output pins
    Info (21061): Implemented 12 logic cells
Info: Quartus Prime Analysis & Synthesis was successful. 0 errors, 17 warnings
    Info: Peak virtual memory: 4872 megabytes
    Info: Processing ended: Thu Sep 21 14:51:43 2023
    Info: Elapsed time: 00:00:07
    Info: Total CPU time (on all processors): 00:00:15


