Assembler report for alarm_reg
Sun Sep 24 10:37:27 2023
Quartus Prime Version 22.1std.2 Build 922 07/20/2023 SC Lite Edition


---------------------
; Table of Contents ;
---------------------
  1. Legal Notice
  2. Assembler Summary
  3. Assembler Settings
  4. Assembler Generated Files
  5. Assembler Device Options: D:/college/Maven Silicon/Alarm Pilot Project/Project_templates/synthesis/alarm reg synth/output_files/alarm_reg.sof
  6. Assembler Messages



----------------
; Legal Notice ;
----------------
Copyright (C) 2023  Intel Corporation. All rights reserved.
Your use of Intel Corporation's design tools, logic functions 
and other software and tools, and any partner logic 
functions, and any output files from any of the foregoing 
(including device programming or simulation files), and any 
associated documentation or information are expressly subject 
to the terms and conditions of the Intel Program License 
Subscription Agreement, the Intel Quartus Prime License Agreement,
the Intel FPGA IP License Agreement, or other applicable license
agreement, including, without limitation, that your use is for
the sole purpose of programming logic devices manufactured by
Intel and sold by Intel or its authorized distributors.  Please
refer to the applicable agreement for further details, at
https://fpgasoftware.intel.com/eula.



+---------------------------------------------------------------+
; Assembler Summary                                             ;
+-----------------------+---------------------------------------+
; Assembler Status      ; Successful - Sun Sep 24 10:37:27 2023 ;
; Revision Name         ; alarm_reg                             ;
; Top-level Entity Name ; alarm_reg                             ;
; Family                ; Cyclone V                             ;
; Device                ; 5CGXFC7C7F23C8                        ;
+-----------------------+---------------------------------------+


+----------------------------------+
; Assembler Settings               ;
+--------+---------+---------------+
; Option ; Setting ; Default Value ;
+--------+---------+---------------+


+---------------------------------------------------------------------------------------------------------------------+
; Assembler Generated Files                                                                                           ;
+---------------------------------------------------------------------------------------------------------------------+
; File Name                                                                                                           ;
+---------------------------------------------------------------------------------------------------------------------+
; D:/college/Maven Silicon/Alarm Pilot Project/Project_templates/synthesis/alarm reg synth/output_files/alarm_reg.sof ;
+---------------------------------------------------------------------------------------------------------------------+


+-----------------------------------------------------------------------------------------------------------------------------------------------+
; Assembler Device Options: D:/college/Maven Silicon/Alarm Pilot Project/Project_templates/synthesis/alarm reg synth/output_files/alarm_reg.sof ;
+----------------+------------------------------------------------------------------------------------------------------------------------------+
; Option         ; Setting                                                                                                                      ;
+----------------+------------------------------------------------------------------------------------------------------------------------------+
; JTAG usercode  ; 0x00EC7913                                                                                                                   ;
; Checksum       ; 0x00EC7913                                                                                                                   ;
+----------------+------------------------------------------------------------------------------------------------------------------------------+


+--------------------+
; Assembler Messages ;
+--------------------+
Info: *******************************************************************
Info: Running Quartus Prime Assembler
    Info: Version 22.1std.2 Build 922 07/20/2023 SC Lite Edition
    Info: Processing started: Sun Sep 24 10:37:08 2023
Info: Command: quartus_asm --read_settings_files=off --write_settings_files=off alarm_reg -c alarm_reg
Warning (18236): Number of processors has not been specified which may cause overloading on shared machines.  Set the global assignment NUM_PARALLEL_PROCESSORS in your QSF to an appropriate value for best performance.
Info (115030): Assembler is generating device programming files
Info: Quartus Prime Assembler was successful. 0 errors, 1 warning
    Info: Peak virtual memory: 4876 megabytes
    Info: Processing ended: Sun Sep 24 10:37:27 2023
    Info: Elapsed time: 00:00:19
    Info: Total CPU time (on all processors): 00:00:13


